d:\大三下\计算机图形学\作业\期末项目\project\computergraphics\debug\vc141.pdb
d:\大三下\计算机图形学\作业\期末项目\project\computergraphics\debug\vc141.idb
d:\大三下\计算机图形学\作业\期末项目\project\computergraphics\debug\skybox.obj
d:\大三下\计算机图形学\作业\期末项目\project\computergraphics\debug\shader.obj
d:\大三下\计算机图形学\作业\期末项目\project\computergraphics\debug\model.obj
d:\大三下\计算机图形学\作业\期末项目\project\computergraphics\debug\mesh.obj
d:\大三下\计算机图形学\作业\期末项目\project\computergraphics\debug\main.obj
d:\大三下\计算机图形学\作业\期末项目\project\computergraphics\debug\std_image.obj
d:\大三下\计算机图形学\作业\期末项目\project\computergraphics\debug\camera.obj
d:\大三下\计算机图形学\作业\期末项目\project\computergraphics\debug\glad.obj
d:\大三下\计算机图形学\作业\期末项目\github\project\computergraphics\debug\vc141.pdb
d:\大三下\计算机图形学\作业\期末项目\github\project\computergraphics\debug\vc141.idb
d:\大三下\计算机图形学\作业\期末项目\github\project\computergraphics\debug\skybox.obj
d:\大三下\计算机图形学\作业\期末项目\github\project\computergraphics\debug\shader.obj
d:\大三下\计算机图形学\作业\期末项目\github\project\computergraphics\debug\model.obj
d:\大三下\计算机图形学\作业\期末项目\github\project\computergraphics\debug\mesh.obj
d:\大三下\计算机图形学\作业\期末项目\github\project\computergraphics\debug\main.obj
d:\大三下\计算机图形学\作业\期末项目\github\project\computergraphics\debug\std_image.obj
d:\大三下\计算机图形学\作业\期末项目\github\project\computergraphics\debug\camera.obj
d:\大三下\计算机图形学\作业\期末项目\github\project\computergraphics\debug\glad.obj
d:\大三下\计算机图形学\作业\期末项目\project\debug\computergraphics.ilk
d:\大三下\计算机图形学\作业\期末项目\project\debug\computergraphics.exe
d:\大三下\计算机图形学\作业\期末项目\project\debug\computergraphics.pdb
d:\大三下\计算机图形学\作业\期末项目\github\project\debug\computergraphics.exe
d:\大三下\计算机图形学\作业\期末项目\github\project\debug\computergraphics.ilk
d:\大三下\计算机图形学\作业\期末项目\github\project\debug\computergraphics.pdb
d:\大三下\计算机图形学\作业\期末项目\github\project\computergraphics\debug\computergraphics.tlog\cl.command.1.tlog
d:\大三下\计算机图形学\作业\期末项目\github\project\computergraphics\debug\computergraphics.tlog\cl.read.1.tlog
d:\大三下\计算机图形学\作业\期末项目\github\project\computergraphics\debug\computergraphics.tlog\cl.write.1.tlog
d:\大三下\计算机图形学\作业\期末项目\github\project\computergraphics\debug\computergraphics.tlog\link.command.1.tlog
d:\大三下\计算机图形学\作业\期末项目\github\project\computergraphics\debug\computergraphics.tlog\link.read.1.tlog
d:\大三下\计算机图形学\作业\期末项目\github\project\computergraphics\debug\computergraphics.tlog\link.write.1.tlog
